#
# There is insufficient memory for the Java Runtime Environment to continue.
# Native memory allocation (mmap) failed to map 266338304 bytes for G1 virtual space
# Possible reasons:
#   The system is out of physical RAM or swap space
#   The process is running with CompressedOops enabled, and the Java Heap may be blocking the growth of the native heap
# Possible solutions:
#   Reduce memory load on the system
#   Increase physical memory or swap space
#   Check if swap backing store is full
#   Decrease Java heap size (-Xmx/-Xms)
#   Decrease number of Java threads
#   Decrease Java thread stack sizes (-Xss)
#   Set larger code cache with -XX:ReservedCodeCacheSize=
#   JVM is running with Zero Based Compressed Oops mode in which the Java heap is
#     placed in the first 32GB address space. The Java Heap base address is the
#     maximum limit for the native heap growth. Please use -XX:HeapBaseMinAddress
#     to set the Java Heap base and to place the Java Heap above 32GB virtual address.
# This output file may be truncated or incomplete.
#
#  Out of Memory Error (os_windows.cpp:3466), pid=16824, tid=17832
#
# JRE version:  (16.0.1+9) (build )
# Java VM: OpenJDK 64-Bit Server VM (16.0.1+9, mixed mode, sharing, tiered, compressed oops, compressed class ptrs, g1 gc, windows-amd64)
# No core dump will be written. Minidumps are not enabled by default on client versions of Windows
#

---------------  S U M M A R Y ------------

Command Line: -XX:+ShowCodeDetailsInExceptionMessages -agentlib:jdwp=transport=dt_socket,suspend=y,address=localhost:62133 -ea -Dfile.encoding=Cp1252 org.testng.remote.RemoteTestNG -serport 62132 -protocol json -d D:\WorkSpace\Assignment_Project\test-output C:\Users\JAPAPI~1\AppData\Local\Temp\testng-eclipse--2117962945\testng-customsuite.xml

Host: Intel(R) Core(TM) i5-10210U CPU @ 1.60GHz, 8 cores, 15G,  Windows 10 , 64 bit Build 22000 (10.0.22000.708)
Time: Sun Aug 14 12:08:54 2022 India Standard Time elapsed time: 0.012350 seconds (0d 0h 0m 0s)

---------------  T H R E A D  ---------------

Current thread (0x000001c871cf05d0):  JavaThread "Unknown thread" [_thread_in_vm, id=17832, stack(0x0000001cb8100000,0x0000001cb8200000)]

Stack: [0x0000001cb8100000,0x0000001cb8200000]
Native frames: (J=compiled Java code, j=interpreted, Vv=VM code, C=native code)
V  [jvm.dll+0x647c6a]
V  [jvm.dll+0x7f0369]
V  [jvm.dll+0x7f1af3]
V  [jvm.dll+0x7f2143]
V  [jvm.dll+0x23dff8]
V  [jvm.dll+0x6449aa]
V  [jvm.dll+0x6395f5]
V  [jvm.dll+0x2f6549]
V  [jvm.dll+0x2fd366]
V  [jvm.dll+0x34984a]
V  [jvm.dll+0x349a8f]
V  [jvm.dll+0x2cc768]
V  [jvm.dll+0x2cd999]
V  [jvm.dll+0x7c4261]
V  [jvm.dll+0x356d91]
V  [jvm.dll+0x7a2ec0]
V  [jvm.dll+0x3d4bf5]
V  [jvm.dll+0x3d6991]
C  [jli.dll+0x5243]
C  [ucrtbase.dll+0x26c0c]
C  [KERNEL32.DLL+0x154e0]
C  [ntdll.dll+0x485b]


---------------  P R O C E S S  ---------------

Threads class SMR info:
_java_thread_list=0x00007ffdf8eb73d8, length=0, elements={
}

Java Threads: ( => current thread )

Other Threads:
  0x000001c871d413c0 GCTaskThread "GC Thread#0" [stack: 0x0000001cb8200000,0x0000001cb8300000] [id=10608]
  0x000001c871d52010 ConcurrentGCThread "G1 Main Marker" [stack: 0x0000001cb8300000,0x0000001cb8400000] [id=2980]
  0x000001c871d53220 ConcurrentGCThread "G1 Conc#0" [stack: 0x0000001cb8400000,0x0000001cb8500000] [id=10268]

[error occurred during error reporting (printing all threads), id 0xc0000005, EXCEPTION_ACCESS_VIOLATION (0xc0000005) at pc=0x00007ffdf862e057]

VM state: not at safepoint (not fully initialized)

VM Mutex/Monitor currently owned by a thread:  ([mutex/lock_event])
[0x000001c871cec8f0] Heap_lock - owner thread: 0x000001c871cf05d0

Heap address: 0x0000000703e00000, size: 4034 MB, Compressed Oops mode: Zero based, Oop shift amount: 3

CDS archive(s) mapped at: [0x0000000000000000-0x0000000000000000-0x0000000000000000), size 0, SharedBaseAddress: 0x0000000800000000, ArchiveRelocationMode: 0.
Narrow klass base: 0x0000000000000000, Narrow klass shift: 0, Narrow klass range: 0x0

GC Precious Log:
<Empty>

Heap:
 garbage-first heap   total 0K, used 0K [0x0000000703e00000, 0x0000000800000000)
  region size 2048K, 0 young (0K), 0 survivors (0K)

[error occurred during error reporting (printing heap information), id 0xc0000005, EXCEPTION_ACCESS_VIOLATION (0xc0000005) at pc=0x00007ffdf89efddd]

GC Heap History (0 events):
No events

Deoptimization events (0 events):
No events

Classes unloaded (0 events):
No events

Classes redefined (0 events):
No events

Internal exceptions (0 events):
No events

Events (1 events):
Event: 0.008 Loaded shared library C:\Program Files\Amazon Corretto\jdk16.0.1_9\bin\java.dll


Dynamic libraries:
0x00007ff6e69d0000 - 0x00007ff6e69dd000 	C:\Program Files\Amazon Corretto\jdk16.0.1_9\bin\javaw.exe
0x00007ffead8c0000 - 0x00007ffeadac9000 	C:\WINDOWS\SYSTEM32\ntdll.dll
0x00007ffeabd80000 - 0x00007ffeabe3d000 	C:\WINDOWS\System32\KERNEL32.DLL
0x00007ffeab200000 - 0x00007ffeab579000 	C:\WINDOWS\System32\KERNELBASE.dll
0x00007ffe8ee80000 - 0x00007ffe8ee98000 	C:\Program Files\Amazon Corretto\jdk16.0.1_9\bin\jli.dll
0x00007ffe94610000 - 0x00007ffe94625000 	C:\Program Files\Amazon Corretto\jdk16.0.1_9\bin\VCRUNTIME140.dll
0x00007ffeaada0000 - 0x00007ffeaaeb1000 	C:\WINDOWS\System32\ucrtbase.dll
0x00007ffeacee0000 - 0x00007ffead08c000 	C:\WINDOWS\System32\USER32.dll
0x00007ffe8bbf0000 - 0x00007ffe8be95000 	C:\WINDOWS\WinSxS\amd64_microsoft.windows.common-controls_6595b64144ccf1df_6.0.22000.120_none_9d947278b86cc467\COMCTL32.dll
0x00007ffeab060000 - 0x00007ffeab086000 	C:\WINDOWS\System32\win32u.dll
0x00007ffeabc60000 - 0x00007ffeabd03000 	C:\WINDOWS\System32\msvcrt.dll
0x00007ffeaceb0000 - 0x00007ffeaced9000 	C:\WINDOWS\System32\GDI32.dll
0x00007ffeaaec0000 - 0x00007ffeaafd2000 	C:\WINDOWS\System32\gdi32full.dll
0x00007ffeab580000 - 0x00007ffeab61d000 	C:\WINDOWS\System32\msvcp_win.dll
0x00007ffeaba20000 - 0x00007ffeaba51000 	C:\WINDOWS\System32\IMM32.DLL
0x00007ffe69110000 - 0x00007ffe691ab000 	C:\Program Files\Amazon Corretto\jdk16.0.1_9\bin\msvcp140.dll
0x00007ffdf8350000 - 0x00007ffdf8f59000 	C:\Program Files\Amazon Corretto\jdk16.0.1_9\bin\server\jvm.dll
0x00007ffeabbb0000 - 0x00007ffeabc5e000 	C:\WINDOWS\System32\ADVAPI32.dll
0x00007ffeab910000 - 0x00007ffeab9ae000 	C:\WINDOWS\System32\sechost.dll
0x00007ffead2c0000 - 0x00007ffead3e0000 	C:\WINDOWS\System32\RPCRT4.dll
0x00007ffeacea0000 - 0x00007ffeacea8000 	C:\WINDOWS\System32\PSAPI.DLL
0x00007ffe8df90000 - 0x00007ffe8df99000 	C:\WINDOWS\SYSTEM32\WSOCK32.dll
0x00007ffea1d70000 - 0x00007ffea1da3000 	C:\WINDOWS\SYSTEM32\WINMM.dll
0x00007ffe9f0f0000 - 0x00007ffe9f0fa000 	C:\WINDOWS\SYSTEM32\VERSION.dll
0x00007ffeab9b0000 - 0x00007ffeaba1f000 	C:\WINDOWS\System32\WS2_32.dll
0x00007ffea9e80000 - 0x00007ffea9e98000 	C:\WINDOWS\SYSTEM32\kernel.appcore.dll
0x00007ffea13d0000 - 0x00007ffea13da000 	C:\Program Files\Amazon Corretto\jdk16.0.1_9\bin\jimage.dll
0x00007ffea8710000 - 0x00007ffea8931000 	C:\WINDOWS\SYSTEM32\DBGHELP.DLL
0x00007ffe8de00000 - 0x00007ffe8de31000 	C:\WINDOWS\SYSTEM32\dbgcore.DLL
0x00007ffeaafe0000 - 0x00007ffeab05f000 	C:\WINDOWS\System32\bcryptPrimitives.dll
0x00007ffe6c330000 - 0x00007ffe6c36a000 	C:\Program Files\Amazon Corretto\jdk16.0.1_9\bin\jdwp.dll
0x00007ffe70140000 - 0x00007ffe70165000 	C:\Program Files\Amazon Corretto\jdk16.0.1_9\bin\java.dll

dbghelp: loaded successfully - version: 4.0.5 - missing functions: none
symbol engine: initialized successfully - sym options: 0x614 - pdb path: .;C:\Program Files\Amazon Corretto\jdk16.0.1_9\bin;C:\WINDOWS\SYSTEM32;C:\WINDOWS\WinSxS\amd64_microsoft.windows.common-controls_6595b64144ccf1df_6.0.22000.120_none_9d947278b86cc467;C:\Program Files\Amazon Corretto\jdk16.0.1_9\bin\server

VM Arguments:
jvm_args: -XX:+ShowCodeDetailsInExceptionMessages -agentlib:jdwp=transport=dt_socket,suspend=y,address=localhost:62133 -ea -Dfile.encoding=Cp1252 
java_command: org.testng.remote.RemoteTestNG -serport 62132 -protocol json -d D:\WorkSpace\Assignment_Project\test-output C:\Users\JAPAPI~1\AppData\Local\Temp\testng-eclipse--2117962945\testng-customsuite.xml
java_class_path (initial): C:\Users\japapisettipalli\eclipse\jee-2021-06\eclipse\configuration\org.eclipse.osgi\938\0\.cp\lib\testng-remote.jar;D:\WorkSpace\Assignment_Project\target\test-classes;D:\WorkSpace\Assignment_Project\target\classes;C:\Users\japapisettipalli\.p2\pool\plugins\org.testng_7.4.0.r202105021533.jar;C:\Users\japapisettipalli\.p2\pool\plugins\com.beust.jcommander_1.78.0.jar;C:\Users\japapisettipalli\.p2\pool\plugins\org.apache-extras.beanshell.bsh_2.0.0.b6.jar;C:\Users\japapisettipalli\.p2\pool\plugins\org.yaml.snakeyaml_1.21.0.jar;C:\Users\japapisettipalli\.p2\pool\plugins\org.webjars.jquery_3.5.1.jar;C:\Users\japapisettipalli\.m2\repository\org\seleniumhq\selenium\selenium-java\4.4.0\selenium-java-4.4.0.jar;C:\Users\japapisettipalli\.m2\repository\org\seleniumhq\selenium\selenium-api\4.4.0\selenium-api-4.4.0.jar;C:\Users\japapisettipalli\.m2\repository\org\seleniumhq\selenium\selenium-devtools-v102\4.4.0\selenium-devtools-v102-4.4.0.jar;C:\Users\japapisettipalli\.m2\repository\org\seleniumhq\selenium\selenium-devtools-v103\4.4.0\selenium-devtools-v103-4.4.0.jar;C:\Users\japapisettipalli\.m2\repository\org\seleniumhq\selenium\selenium-devtools-v104\4.4.0\selenium-devtools-v104-4.4.0.jar;C:\Users\japapisettipalli\.m2\repository\org\seleniumhq\selenium\selenium-devtools-v85\4.4.0\selenium-devtools-v85-4.4.0.jar;C:\Users\japapisettipalli\.m2\repository\org\seleniumhq\selenium\selenium-edge-driver\4.4.0\selenium-edge-driver-4.4.0.jar;C:\Users\japapisettipalli\.m2\repository\org\seleniumhq\selenium\selenium-firefox-driver\4.4.0\selenium-firefox-driver-4.4.0.jar;C:\Users\japapisettipalli\.m2\repository\org\seleniumhq\selenium\selenium-ie-driver\4.4.0\selenium-ie-driver-4.4.0.jar;C:\Users\japapisettipalli\.m2\repository\org\seleniumhq\selenium\selenium-opera-driver\4.4.0\selenium-opera-driver-4.4.0.jar;C:\Users\japapisettipalli\.m2\repository\org\seleniumhq\selenium\selenium-remote-driver\4.4.0\selenium-remote-driver-4.4.0.jar;C:\Users\japapisettipall
Launcher Type: SUN_STANDARD

[Global flags]
     intx CICompilerCount                          = 4                                         {product} {ergonomic}
     uint ConcGCThreads                            = 2                                         {product} {ergonomic}
     uint G1ConcRefinementThreads                  = 8                                         {product} {ergonomic}
   size_t G1HeapRegionSize                         = 2097152                                   {product} {ergonomic}
    uintx GCDrainStackTargetSize                   = 64                                        {product} {ergonomic}
   size_t InitialHeapSize                          = 266338304                                 {product} {ergonomic}
   size_t MarkStackSize                            = 4194304                                   {product} {ergonomic}
   size_t MaxHeapSize                              = 4229955584                                {product} {ergonomic}
   size_t MinHeapDeltaBytes                        = 2097152                                   {product} {ergonomic}
   size_t MinHeapSize                              = 8388608                                   {product} {ergonomic}
    uintx NonNMethodCodeHeapSize                   = 5839372                                {pd product} {ergonomic}
    uintx NonProfiledCodeHeapSize                  = 122909434                              {pd product} {ergonomic}
    uintx ProfiledCodeHeapSize                     = 122909434                              {pd product} {ergonomic}
    uintx ReservedCodeCacheSize                    = 251658240                              {pd product} {ergonomic}
     bool SegmentedCodeCache                       = true                                      {product} {ergonomic}
     bool ShowCodeDetailsInExceptionMessages       = true                                   {manageable} {command line}
   size_t SoftMaxHeapSize                          = 4229955584                             {manageable} {ergonomic}
     bool UseCompressedClassPointers               = true                           {product lp64_product} {ergonomic}
     bool UseCompressedOops                        = true                           {product lp64_product} {ergonomic}
     bool UseG1GC                                  = true                                      {product} {ergonomic}
     bool UseLargePagesIndividualAllocation        = false                                  {pd product} {ergonomic}

Logging:
Log output configuration:
 #0: stdout all=warning uptime,level,tags
 #1: stderr all=off uptime,level,tags

Environment Variables:
JAVA_HOME=C:\Program Files\Amazon Corretto\jdk16.0.1_9
PATH=C:/Program Files/Amazon Corretto/jdk11.0.11_9/bin/server;C:/Program Files/Amazon Corretto/jdk11.0.11_9/bin;C:\Program Files\Amazon Corretto\jdk11.0.11_9\bin;C:\Program Files\dotnet\;C:\Program Files (x86)\dotnet\;C:\Windows\System32;C:\Users\japapisettipalli\AppData\Local\Android\Sdk\platform-tools;C:\WINDOWS\system32;C:\WINDOWS;C:\WINDOWS\System32\Wbem;C:\WINDOWS\System32\WindowsPowerShell\v1.0\;C:\WINDOWS\System32\OpenSSH\;C:\Program Files\nodejs\;C:\Users\japapisettipalli\AppData\Local\Android\Sdk\tools\bin;C:\Users\japapisettipalli\AppData\Local\Android\Sdk\tools;C:\Users\japapisettipalli\AppData\Local\Android\Sdk\platform-tools;C:\Program Files\nodejs\node_modules\npm\bin;C:\Users\japapisettipalli\AppData\Local\Microsoft\WindowsApps;C:\Users\japapisettipalli\AppData\Local\Programs\Git\cmd;C:\Maven Folder\apache-maven-3.6.3\bin;C:\Program Files\Amazon Corretto\jdk16.0.1_9\bin;C:\Users\japapisettipalli\.dotnet\tools;C:\Windows\System32;C:\Users\japapisettipalli\AppData\Local\Android\Sdk\platform-tools;C:\Users\japapisettipalli\AppData\Roaming\npm;C:\Users\japapisettipalli\OneDrive - Nagarro\Desktop;
USERNAME=japapisettipalli
OS=Windows_NT
PROCESSOR_IDENTIFIER=Intel64 Family 6 Model 142 Stepping 12, GenuineIntel



---------------  S Y S T E M  ---------------

OS:
 Windows 10 , 64 bit Build 22000 (10.0.22000.708)
OS uptime: 0 days 4:45 hours

CPU: total 8 (initial active 8) (4 cores per cpu, 2 threads per core) family 6 model 142 stepping 12 microcode 0xea, cx8, cmov, fxsr, ht, mmx, 3dnowpref, sse, sse2, sse3, ssse3, sse4.1, sse4.2, popcnt, lzcnt, tsc, tscinvbit, avx, avx2, aes, erms, clmul, bmi1, bmi2, adx, fma, vzeroupper, clflush, clflushopt

Memory: 4k page, system-wide physical 16134M (2223M free)
TotalPageFile size 25088M (AvailPageFile size 190M)
current process WorkingSet (physical memory assigned to process): 10M, peak: 10M
current process commit charge ("private bytes"): 60M, peak: 314M

vm_info: OpenJDK 64-Bit Server VM (16.0.1+9) for windows-amd64 JRE (16.0.1+9), built on Apr 20 2021 21:50:36 by "Administrator" with MS VC++ 15.9 (VS2017)

END.
